<?xml version="1.0" encoding="UTF-8"?>
<testsuite xmlns:xsi="http://www.w3.org/2001/XMLSchema-instance" xsi:noNamespaceSchemaLocation="https://maven.apache.org/surefire/maven-surefire-plugin/xsd/surefire-test-report.xsd" name="TestOrder" time="0.019" tests="5" errors="0" skipped="0" failures="0">
  <properties>
[...]
</properties>
  <testcase name="setQuantityShouldCorrectlySetQuantity" classname="TestOrder" time="0.009"/>
  <testcase name="setPriceShouldCorrectlySetPrice" classname="TestOrder" time="0"/>
  <testcase name="getPriceShouldReturnCorrectPrice" classname="TestOrder" time="0"/>
  <testcase name="getQuantityShouldReturnCorrectQuantity" classname="TestOrder" time="0.001"/>
  <testcase name="toStringShouldReturnCorrectStringFormat" classname="TestOrder" time="0"/>
</testsuite>